Mon, 18 Sep 2017 17:24:05 log.py[line:144] INFO Scrapy 1.4.0 started (bot: NyaaCrawler)
Mon, 18 Sep 2017 17:24:05 log.py[line:147] INFO Overridden settings: {'BOT_NAME': 'NyaaCrawler', 'NEWSPIDER_MODULE': 'NyaaCrawler.spiders', 'ROBOTSTXT_OBEY': True, 'SPIDER_MODULES': ['NyaaCrawler.spiders']}
Mon, 18 Sep 2017 17:24:05 middleware.py[line:53] INFO Enabled extensions:
['scrapy.extensions.corestats.CoreStats',
 'scrapy.extensions.telnet.TelnetConsole',
 'scrapy.extensions.logstats.LogStats']
Mon, 18 Sep 2017 17:24:05 middleware.py[line:53] INFO Enabled downloader middlewares:
['scrapy.downloadermiddlewares.robotstxt.RobotsTxtMiddleware',
 'scrapy.downloadermiddlewares.httpauth.HttpAuthMiddleware',
 'scrapy.downloadermiddlewares.downloadtimeout.DownloadTimeoutMiddleware',
 'scrapy.downloadermiddlewares.defaultheaders.DefaultHeadersMiddleware',
 'scrapy.downloadermiddlewares.useragent.UserAgentMiddleware',
 'scrapy.downloadermiddlewares.retry.RetryMiddleware',
 'scrapy.downloadermiddlewares.redirect.MetaRefreshMiddleware',
 'scrapy.downloadermiddlewares.httpcompression.HttpCompressionMiddleware',
 'scrapy.downloadermiddlewares.redirect.RedirectMiddleware',
 'scrapy.downloadermiddlewares.cookies.CookiesMiddleware',
 'scrapy.downloadermiddlewares.httpproxy.HttpProxyMiddleware',
 'scrapy.downloadermiddlewares.stats.DownloaderStats']
Mon, 18 Sep 2017 17:24:05 middleware.py[line:53] INFO Enabled spider middlewares:
['scrapy.spidermiddlewares.httperror.HttpErrorMiddleware',
 'scrapy.spidermiddlewares.offsite.OffsiteMiddleware',
 'scrapy.spidermiddlewares.referer.RefererMiddleware',
 'scrapy.spidermiddlewares.urllength.UrlLengthMiddleware',
 'scrapy.spidermiddlewares.depth.DepthMiddleware']
Mon, 18 Sep 2017 17:24:05 middleware.py[line:53] INFO Enabled item pipelines:
[]
Mon, 18 Sep 2017 17:24:05 engine.py[line:256] INFO Spider opened
Mon, 18 Sep 2017 17:24:05 logstats.py[line:48] INFO Crawled 0 pages (at 0 pages/min), scraped 0 items (at 0 items/min)
Mon, 18 Sep 2017 17:24:05 telnet.py[line:60] DEBUG Telnet console listening on 127.0.0.1:6023
Mon, 18 Sep 2017 17:24:06 engine.py[line:238] DEBUG Crawled (404) <GET https://sukebei.nyaa.si/robots.txt> (referer: None)
Mon, 18 Sep 2017 17:24:08 engine.py[line:238] DEBUG Crawled (200) <GET https://sukebei.nyaa.si/?q=&f=0&c=2_0&p=1> (referer: None)
Mon, 18 Sep 2017 17:24:08 engine.py[line:238] DEBUG Crawled (200) <GET https://sukebei.nyaa.si/?q=&f=0&c=2_0&p=2> (referer: None)
Mon, 18 Sep 2017 17:24:08 engine.py[line:295] INFO Closing spider (finished)
Mon, 18 Sep 2017 17:24:08 statscollectors.py[line:47] INFO Dumping Scrapy stats:
{'downloader/request_bytes': 807,
 'downloader/request_count': 3,
 'downloader/request_method_count/GET': 3,
 'downloader/response_bytes': 37329,
 'downloader/response_count': 3,
 'downloader/response_status_count/200': 2,
 'downloader/response_status_count/404': 1,
 'finish_reason': 'finished',
 'finish_time': datetime.datetime(2017, 9, 18, 9, 24, 8, 961334),
 'log_count/DEBUG': 4,
 'log_count/INFO': 7,
 'response_received_count': 3,
 'scheduler/dequeued': 2,
 'scheduler/dequeued/memory': 2,
 'scheduler/enqueued': 2,
 'scheduler/enqueued/memory': 2,
 'start_time': datetime.datetime(2017, 9, 18, 9, 24, 5, 528043)}
Mon, 18 Sep 2017 17:24:08 engine.py[line:326] INFO Spider closed (finished)
